<?xml version="1.0" encoding="UTF-8"?>
<!-- Generated by org.testng.reporters.JUnitReportReporter -->
<testsuite skipped="0" hostname="DESKTOP-LFTBPGB" name="testCases.LoginPageTest" tests="2" failures="0" timestamp="21 Dec 2020 02:44:46 GMT" time="33.823" errors="0">
  <testcase name="loginTest" time="16.950" classname="testCases.LoginPageTest"/>
  <testcase name="loginpageTitleTest" time="16.873" classname="testCases.LoginPageTest"/>
</testsuite> <!-- testCases.LoginPageTest -->
